<?xml version="1.0" encoding="UTF-8"?>
<coverage generated="1749409366857" clover="3.2.0">
  <project timestamp="1749409366858" name="All files">
    <metrics statements="2" coveredstatements="2" conditionals="0" coveredconditionals="0" methods="1" coveredmethods="1" elements="3" coveredelements="3" complexity="0" loc="2" ncloc="2" packages="1" files="1" classes="1"/>
    <file name="sum.js" path="C:\Users\Mateus\Documents\Workspace\Estudos\Faculdade\2 semestre\proc_soft2s\Umsushi.menu-SQ3-\backend\sum.js">
      <metrics statements="2" coveredstatements="2" conditionals="0" coveredconditionals="0" methods="1" coveredmethods="1"/>
      <line num="2" count="1" type="stmt"/>
      <line num="5" count="1" type="stmt"/>
    </file>
  </project>
</coverage>
