{"C:\\Users\\Mateus\\Documents\\Workspace\\Estudos\\Faculdade\\2 semestre\\proc_soft2s\\backup\\backend\\sum.js": {"path":"C:\\Users\\Mateus\\Documents\\Workspace\\Estudos\\Faculdade\\2 semestre\\proc_soft2s\\backup\\backend\\sum.js","statementMap":{"0":{"start":{"line":2,"column":2},"end":{"line":2,"column":15}},"1":{"start":{"line":5,"column":0},"end":{"line":5,"column":22}}},"fnMap":{"0":{"name":"soma","decl":{"start":{"line":1,"column":9},"end":{"line":1,"column":13}},"loc":{"start":{"line":1,"column":20},"end":{"line":3,"column":1}},"line":1}},"branchMap":{},"s":{"0":1,"1":1},"f":{"0":1},"b":{},"_coverageSchema":"1a1c01bbd47fc00a2c39e90264f33305004495a9","hash":"8ba7e16c3ca85ef8608723aeee3b5e9391eb9bd4"}
}
